2016/04/26 12:14:31 [error] [exception.CException] exception 'CException' with message 'Alias "aliased.path.to.booster.directory.and.inside.it.Bootstrap.class" is invalid. Make sure it points to an existing directory or file.' in /home/jenny/yii/framework/YiiBase.php:348
Stack trace:
#0 /home/jenny/yii/framework/YiiBase.php(196): YiiBase::import('aliased.path.to...', true)
#1 /home/jenny/yii/framework/base/CModule.php(393): YiiBase::createComponent(Array)
#2 /home/jenny/yii/framework/base/CModule.php(530): CModule->getComponent('bootstrap')
#3 /home/jenny/yii/framework/base/CApplication.php(168): CModule->preloadComponents()
#4 /home/jenny/yii/framework/YiiBase.php(125): CApplication->__construct('/home/jenny/pru...')
#5 /home/jenny/yii/framework/YiiBase.php(98): YiiBase::createApplication('CWebApplication', '/home/jenny/pru...')
#6 /home/jenny/prueba/index.php(13): YiiBase::createWebApplication('/home/jenny/pru...')
#7 {main}
REQUEST_URI=/index.php?r=actor
---
2016/04/26 12:16:15 [error] [exception.CException] exception 'CException' with message 'Filter "path.alias.to.bootstrap.filters.BootstrapFilter" is invalid. Controller "ActorController" does not have the filter method "filterpath.alias.to.bootstrap.filters.BootstrapFilter".' in /home/jenny/yii/framework/web/filters/CInlineFilter.php:46
Stack trace:
#0 /home/jenny/yii/framework/web/filters/CFilterChain.php(69): CInlineFilter::create(Object(ActorController), 'path.alias.to.b...')
#1 /home/jenny/yii/framework/web/CController.php(291): CFilterChain::create(Object(ActorController), Object(CInlineAction), Array)
#2 /home/jenny/yii/framework/web/CController.php(265): CController->runActionWithFilters(Object(CInlineAction), Array)
#3 /home/jenny/yii/framework/web/CWebApplication.php(282): CController->run('')
#4 /home/jenny/yii/framework/web/CWebApplication.php(141): CWebApplication->runController('actor')
#5 /home/jenny/yii/framework/base/CApplication.php(185): CWebApplication->processRequest()
#6 /home/jenny/prueba/index.php(13): CApplication->run()
#7 {main}
REQUEST_URI=/index.php?r=actor
---
2016/04/26 12:30:24 [error] [exception.CException] exception 'CException' with message 'Alias "booster.widgets.TbNavbar" is invalid. Make sure it points to an existing directory or file.' in /home/jenny/yii/framework/YiiBase.php:348
Stack trace:
#0 /home/jenny/yii/framework/web/CWidgetFactory.php(146): YiiBase::import('booster.widgets...', true)
#1 /home/jenny/yii/framework/web/CBaseController.php(146): CWidgetFactory->createWidget(Object(SiteController), 'booster.widgets...', Array)
#2 /home/jenny/yii/framework/web/CBaseController.php(180): CBaseController->createWidget('booster.widgets...', Array)
#3 /home/jenny/prueba/protected/views/layouts/main.php(44): CBaseController->widget('booster.widgets...', Array)
#4 /home/jenny/yii/framework/web/CBaseController.php(126): require('/home/jenny/pru...')
#5 /home/jenny/yii/framework/web/CBaseController.php(95): CBaseController->renderInternal('/home/jenny/pru...', Array, true)
#6 /home/jenny/yii/framework/web/widgets/CContentDecorator.php(76): CBaseController->renderFile('/home/jenny/pru...', Array, true)
#7 /home/jenny/yii/framework/web/widgets/CContentDecorator.php(54): CContentDecorator->decorate('<div id="conten...')
#8 /home/jenny/yii/framework/web/widgets/COutputProcessor.php(44): CContentDecorator->processOutput('<div id="conten...')
#9 /home/jenny/yii/framework/web/CBaseController.php(214): COutputProcessor->run()
#10 /home/jenny/yii/framework/web/CBaseController.php(308): CBaseController->endWidget('CContentDecorat...')
#11 /home/jenny/prueba/protected/views/layouts/column1.php(6): CBaseController->endContent()
#12 /home/jenny/yii/framework/web/CBaseController.php(126): require('/home/jenny/pru...')
#13 /home/jenny/yii/framework/web/CBaseController.php(95): CBaseController->renderInternal('/home/jenny/pru...', Array, true)
#14 /home/jenny/yii/framework/web/CController.php(784): CBaseController->renderFile('/home/jenny/pru...', Array, true)
#15 /home/jenny/prueba/protected/controllers/SiteController.php(32): CController->render('index')
#16 /home/jenny/yii/framework/web/actions/CInlineAction.php(49): SiteController->actionIndex()
#17 /home/jenny/yii/framework/web/CController.php(308): CInlineAction->runWithParams(Array)
#18 /home/jenny/yii/framework/web/CController.php(286): CController->runAction(Object(CInlineAction))
#19 /home/jenny/yii/framework/web/CController.php(265): CController->runActionWithFilters(Object(CInlineAction), Array)
#20 /home/jenny/yii/framework/web/CWebApplication.php(282): CController->run('')
#21 /home/jenny/yii/framework/web/CWebApplication.php(141): CWebApplication->runController('')
#22 /home/jenny/yii/framework/base/CApplication.php(185): CWebApplication->processRequest()
#23 /home/jenny/prueba/index.php(13): CApplication->run()
#24 {main}
REQUEST_URI=/
---
